secretcode/build/intermediates/manifest_merge_blame_file/debug/manifest-merger-blame-debug-report.txt
1<?xml version="1.0" encoding="utf-8"?>
2<manifest xmlns:android="http://schemas.android.com/apk/res/android"
3    package="com.example.githhubdemo"
4    android:versionCode="1"
5    android:versionName="1.0" >
6
7    <uses-sdk
8        android:minSdkVersion="24"
9        android:targetSdkVersion="34" />
10
11    <uses-permission android:name="android.permission.ACCESS_NETWORK_STATE" />
11-->src\main\AndroidManifest.xml:5:5-79
11-->src\main\AndroidManifest.xml:5:22-76
12    <uses-permission android:name="android.permission.INTERNET" />
12-->src\main\AndroidManifest.xml:6:5-67
12-->src\main\AndroidManifest.xml:6:22-64
13    <uses-permission android:name="android.permission.ACCESS_FINE_LOCATION" />
13-->src\main\AndroidManifest.xml:7:5-79
13-->src\main\AndroidManifest.xml:7:22-76
14    <uses-permission android:name="android.permission.ACCESS_COARSE_LOCATION" />
14-->src\main\AndroidManifest.xml:8:5-81
14-->src\main\AndroidManifest.xml:8:22-78
15    <uses-permission android:name="android.permission.BLUETOOTH_CONNECT" />
15-->src\main\AndroidManifest.xml:9:5-76
15-->src\main\AndroidManifest.xml:9:22-73
16    <uses-permission android:name="android.permission.BLUETOOTH" />
16-->src\main\AndroidManifest.xml:10:5-68
16-->src\main\AndroidManifest.xml:10:22-65
17    <uses-permission android:name="android.permission.FLASHLIGHT" />
17-->src\main\AndroidManifest.xml:11:5-69
17-->src\main\AndroidManifest.xml:11:22-66
18    <uses-permission android:name="android.permission.MODIFY_AUDIO_SETTINGS" />
18-->src\main\AndroidManifest.xml:12:5-80
18-->src\main\AndroidManifest.xml:12:22-77
19    <uses-permission android:name="android.permission.VIBRATE" />
19-->src\main\AndroidManifest.xml:13:5-66
19-->src\main\AndroidManifest.xml:13:22-63
20    <uses-permission android:name="android.permission.BODY_SENSORS" />
20-->src\main\AndroidManifest.xml:14:5-71
20-->src\main\AndroidManifest.xml:14:22-68
21    <uses-permission android:name="android.permission.BATTERY_STATS" />
21-->src\main\AndroidManifest.xml:15:5-72
21-->src\main\AndroidManifest.xml:15:22-69
22    <uses-permission android:name="android.permission.POST_NOTIFICATIONS" />
22-->src\main\AndroidManifest.xml:16:5-77
22-->src\main\AndroidManifest.xml:16:22-74
23    <uses-permission android:name="android.permission.RECEIVE_BOOT_COMPLETED" />
23-->src\main\AndroidManifest.xml:17:5-80
23-->src\main\AndroidManifest.xml:17:22-78
24    <uses-permission android:name="android.permission.SCHEDULE_EXACT_ALARM" />
24-->src\main\AndroidManifest.xml:18:5-78
24-->src\main\AndroidManifest.xml:18:22-76
25    <uses-permission android:name="android.permission.WAKE_LOCK" />
25-->src\main\AndroidManifest.xml:19:5-67
25-->src\main\AndroidManifest.xml:19:22-65
26    <uses-permission android:name="android.permission.USE_EXACT_ALARM" />
26-->src\main\AndroidManifest.xml:20:5-73
26-->src\main\AndroidManifest.xml:20:22-71
27    <uses-permission android:name="android.permission.ACCESS_WIFI_STATE" />
27-->src\main\AndroidManifest.xml:21:5-76
27-->src\main\AndroidManifest.xml:21:22-73
28    <uses-permission android:name="android.permission.RECORD_AUDIO" />
28-->src\main\AndroidManifest.xml:22:5-70
28-->src\main\AndroidManifest.xml:22:22-68
29    <uses-permission android:name="android.permission.FOREGROUND_SERVICE" />
29-->[androidx.work:work-runtime:2.8.1] AndroidManifest.xml:26:5-77
29-->[androidx.work:work-runtime:2.8.1] AndroidManifest.xml:26:22-74
30
31    <permission
31-->[androidx.core:core:1.13.1] AndroidManifest.xml:22:5-24:47
32        android:name="com.example.githhubdemo.DYNAMIC_RECEIVER_NOT_EXPORTED_PERMISSION"
32-->[androidx.core:core:1.13.1] AndroidManifest.xml:23:9-81
33        android:protectionLevel="signature" />
33-->[androidx.core:core:1.13.1] AndroidManifest.xml:24:9-44
34
35    <uses-permission android:name="com.example.githhubdemo.DYNAMIC_RECEIVER_NOT_EXPORTED_PERMISSION" />
35-->[androidx.core:core:1.13.1] AndroidManifest.xml:26:5-97
35-->[androidx.core:core:1.13.1] AndroidManifest.xml:26:22-94
36
37    <application
37-->src\main\AndroidManifest.xml:24:5-91:19
38        android:name="com.example.githhubdemo.SecretCodeApplication"
38-->src\main\AndroidManifest.xml:25:9-46
39        android:allowBackup="true"
39-->src\main\AndroidManifest.xml:26:9-35
40        android:appComponentFactory="androidx.core.app.CoreComponentFactory"
40-->[androidx.core:core:1.13.1] AndroidManifest.xml:28:18-86
41        android:dataExtractionRules="@xml/data_extraction_rules"
41-->src\main\AndroidManifest.xml:27:9-65
42        android:debuggable="true"
43        android:extractNativeLibs="false"
44        android:fullBackupContent="@xml/backup_rules"
44-->src\main\AndroidManifest.xml:28:9-54
45        android:icon="@mipmap/ic_launcher"
45-->src\main\AndroidManifest.xml:29:9-43
46        android:label="@string/app_name"
46-->src\main\AndroidManifest.xml:30:9-41
47        android:roundIcon="@mipmap/ic_launcher_round"
47-->src\main\AndroidManifest.xml:31:9-54
48        android:supportsRtl="true"
48-->src\main\AndroidManifest.xml:32:9-35
49        android:testOnly="true"
50        android:theme="@style/Theme.SecretCodeDemo" >
50-->src\main\AndroidManifest.xml:33:9-52
51        <activity
51-->src\main\AndroidManifest.xml:36:9-40:50
52            android:name="com.example.githhubdemo.decicetesting.activity.DisplayPreviewActivity"
52-->src\main\AndroidManifest.xml:37:13-74
53            android:exported="false"
53-->src\main\AndroidManifest.xml:38:13-37
54            android:screenOrientation="portrait"
54-->src\main\AndroidManifest.xml:39:13-49
55            android:theme="@style/SplashTheme" />
55-->src\main\AndroidManifest.xml:40:13-47
56        <activity
56-->src\main\AndroidManifest.xml:41:9-44:52
57            android:name="com.example.githhubdemo.decicetesting.activity.DeviceTestingActivity"
57-->src\main\AndroidManifest.xml:42:13-73
58            android:exported="false"
58-->src\main\AndroidManifest.xml:43:13-37
59            android:screenOrientation="portrait" />
59-->src\main\AndroidManifest.xml:44:13-49
60        <activity
60-->src\main\AndroidManifest.xml:46:9-49:52
61            android:name="com.example.githhubdemo.activity.SecretCodeActivity"
61-->src\main\AndroidManifest.xml:47:13-56
62            android:exported="false"
62-->src\main\AndroidManifest.xml:48:13-37
63            android:screenOrientation="portrait" />
63-->src\main\AndroidManifest.xml:49:13-49
64        <activity
64-->src\main\AndroidManifest.xml:51:9-54:52
65            android:name="com.example.githhubdemo.deviceinfo.activity.DeviceInfoActivity"
65-->src\main\AndroidManifest.xml:52:13-67
66            android:exported="false"
66-->src\main\AndroidManifest.xml:53:13-37
67            android:screenOrientation="portrait" />
67-->src\main\AndroidManifest.xml:54:13-49
68        <activity
68-->src\main\AndroidManifest.xml:56:9-59:52
69            android:name="com.example.githhubdemo.activity.AndroidTipsDetailsActivity"
69-->src\main\AndroidManifest.xml:57:13-64
70            android:exported="false"
70-->src\main\AndroidManifest.xml:58:13-37
71            android:screenOrientation="portrait" />
71-->src\main\AndroidManifest.xml:59:13-49
72        <activity
72-->src\main\AndroidManifest.xml:60:9-63:52
73            android:name="com.example.githhubdemo.activity.AndroidTipsActivity"
73-->src\main\AndroidManifest.xml:61:13-57
74            android:exported="false"
74-->src\main\AndroidManifest.xml:62:13-37
75            android:screenOrientation="portrait" />
75-->src\main\AndroidManifest.xml:63:13-49
76        <activity
76-->src\main\AndroidManifest.xml:64:9-67:52
77            android:name="com.example.githhubdemo.activity.MobileTrickDetailsActivity"
77-->src\main\AndroidManifest.xml:65:13-64
78            android:exported="false"
78-->src\main\AndroidManifest.xml:66:13-37
79            android:screenOrientation="portrait" />
79-->src\main\AndroidManifest.xml:67:13-49
80        <activity
80-->src\main\AndroidManifest.xml:68:9-71:52
81            android:name="com.example.githhubdemo.activity.MobileTricksActivity"
81-->src\main\AndroidManifest.xml:69:13-58
82            android:exported="false"
82-->src\main\AndroidManifest.xml:70:13-37
83            android:screenOrientation="portrait" />
83-->src\main\AndroidManifest.xml:71:13-49
84        <activity
84-->src\main\AndroidManifest.xml:72:9-75:52
85            android:name="com.example.githhubdemo.activity.SecretCodeListActivity"
85-->src\main\AndroidManifest.xml:73:13-60
86            android:exported="false"
86-->src\main\AndroidManifest.xml:74:13-37
87            android:screenOrientation="portrait" />
87-->src\main\AndroidManifest.xml:75:13-49
88        <activity
88-->src\main\AndroidManifest.xml:76:9-79:52
89            android:name="com.example.githhubdemo.activity.MobileBrandsActivity"
89-->src\main\AndroidManifest.xml:77:13-58
90            android:exported="false"
90-->src\main\AndroidManifest.xml:78:13-37
91            android:screenOrientation="portrait" />
91-->src\main\AndroidManifest.xml:79:13-49
92        <activity
92-->src\main\AndroidManifest.xml:80:9-89:20
93            android:name="com.example.githhubdemo.activity.ModuleMainActivity"
93-->src\main\AndroidManifest.xml:81:13-56
94            android:exported="true"
94-->src\main\AndroidManifest.xml:82:13-36
95            android:screenOrientation="portrait" >
95-->src\main\AndroidManifest.xml:83:13-49
96            <intent-filter>
96-->src\main\AndroidManifest.xml:84:13-88:29
97                <action android:name="android.intent.action.MAIN" />
97-->src\main\AndroidManifest.xml:85:17-69
97-->src\main\AndroidManifest.xml:85:25-66
98
99                <category android:name="android.intent.category.LAUNCHER" />
99-->src\main\AndroidManifest.xml:87:17-77
99-->src\main\AndroidManifest.xml:87:27-74
100            </intent-filter>
101        </activity>
102        <activity
102-->[com.google.android.gms:play-services-base:18.3.0] AndroidManifest.xml:20:9-22:45
103            android:name="com.google.android.gms.common.api.GoogleApiActivity"
103-->[com.google.android.gms:play-services-base:18.3.0] AndroidManifest.xml:20:19-85
104            android:exported="false"
104-->[com.google.android.gms:play-services-base:18.3.0] AndroidManifest.xml:22:19-43
105            android:theme="@android:style/Theme.Translucent.NoTitleBar" />
105-->[com.google.android.gms:play-services-base:18.3.0] AndroidManifest.xml:21:19-78
106
107        <meta-data
107-->[com.google.android.gms:play-services-basement:18.3.0] AndroidManifest.xml:21:9-23:69
108            android:name="com.google.android.gms.version"
108-->[com.google.android.gms:play-services-basement:18.3.0] AndroidManifest.xml:22:13-58
109            android:value="@integer/google_play_services_version" />
109-->[com.google.android.gms:play-services-basement:18.3.0] AndroidManifest.xml:23:13-66
110
111        <provider
111-->[androidx.work:work-runtime:2.8.1] AndroidManifest.xml:29:9-37:20
112            android:name="androidx.startup.InitializationProvider"
112-->[androidx.work:work-runtime:2.8.1] AndroidManifest.xml:30:13-67
113            android:authorities="com.example.githhubdemo.androidx-startup"
113-->[androidx.work:work-runtime:2.8.1] AndroidManifest.xml:31:13-68
114            android:exported="false" >
114-->[androidx.work:work-runtime:2.8.1] AndroidManifest.xml:32:13-37
115            <meta-data
115-->[androidx.work:work-runtime:2.8.1] AndroidManifest.xml:34:13-36:52
116                android:name="androidx.work.WorkManagerInitializer"
116-->[androidx.work:work-runtime:2.8.1] AndroidManifest.xml:35:17-68
117                android:value="androidx.startup" />
117-->[androidx.work:work-runtime:2.8.1] AndroidManifest.xml:36:17-49
118            <meta-data
118-->[androidx.emoji2:emoji2:1.3.0] AndroidManifest.xml:29:13-31:52
119                android:name="androidx.emoji2.text.EmojiCompatInitializer"
119-->[androidx.emoji2:emoji2:1.3.0] AndroidManifest.xml:30:17-75
120                android:value="androidx.startup" />
120-->[androidx.emoji2:emoji2:1.3.0] AndroidManifest.xml:31:17-49
121            <meta-data
121-->[androidx.lifecycle:lifecycle-process:2.6.2] AndroidManifest.xml:29:13-31:52
122                android:name="androidx.lifecycle.ProcessLifecycleInitializer"
122-->[androidx.lifecycle:lifecycle-process:2.6.2] AndroidManifest.xml:30:17-78
123                android:value="androidx.startup" />
123-->[androidx.lifecycle:lifecycle-process:2.6.2] AndroidManifest.xml:31:17-49
124            <meta-data
124-->[androidx.profileinstaller:profileinstaller:1.3.1] AndroidManifest.xml:29:13-31:52
125                android:name="androidx.profileinstaller.ProfileInstallerInitializer"
125-->[androidx.profileinstaller:profileinstaller:1.3.1] AndroidManifest.xml:30:17-85
126                android:value="androidx.startup" />
126-->[androidx.profileinstaller:profileinstaller:1.3.1] AndroidManifest.xml:31:17-49
127        </provider>
128
129        <service
129-->[androidx.work:work-runtime:2.8.1] AndroidManifest.xml:39:9-45:35
130            android:name="androidx.work.impl.background.systemalarm.SystemAlarmService"
130-->[androidx.work:work-runtime:2.8.1] AndroidManifest.xml:40:13-88
131            android:directBootAware="false"
131-->[androidx.work:work-runtime:2.8.1] AndroidManifest.xml:41:13-44
132            android:enabled="@bool/enable_system_alarm_service_default"
132-->[androidx.work:work-runtime:2.8.1] AndroidManifest.xml:42:13-72
133            android:exported="false" />
133-->[androidx.work:work-runtime:2.8.1] AndroidManifest.xml:43:13-37
134        <service
134-->[androidx.work:work-runtime:2.8.1] AndroidManifest.xml:46:9-52:35
135            android:name="androidx.work.impl.background.systemjob.SystemJobService"
135-->[androidx.work:work-runtime:2.8.1] AndroidManifest.xml:47:13-84
136            android:directBootAware="false"
136-->[androidx.work:work-runtime:2.8.1] AndroidManifest.xml:48:13-44
137            android:enabled="@bool/enable_system_job_service_default"
137-->[androidx.work:work-runtime:2.8.1] AndroidManifest.xml:49:13-70
138            android:exported="true"
138-->[androidx.work:work-runtime:2.8.1] AndroidManifest.xml:50:13-36
139            android:permission="android.permission.BIND_JOB_SERVICE" />
139-->[androidx.work:work-runtime:2.8.1] AndroidManifest.xml:51:13-69
140        <service
140-->[androidx.work:work-runtime:2.8.1] AndroidManifest.xml:53:9-59:35
141            android:name="androidx.work.impl.foreground.SystemForegroundService"
141-->[androidx.work:work-runtime:2.8.1] AndroidManifest.xml:54:13-81
142            android:directBootAware="false"
142-->[androidx.work:work-runtime:2.8.1] AndroidManifest.xml:55:13-44
143            android:enabled="@bool/enable_system_foreground_service_default"
143-->[androidx.work:work-runtime:2.8.1] AndroidManifest.xml:56:13-77
144            android:exported="false" />
144-->[androidx.work:work-runtime:2.8.1] AndroidManifest.xml:57:13-37
145
146        <receiver
146-->[androidx.work:work-runtime:2.8.1] AndroidManifest.xml:61:9-66:35
147            android:name="androidx.work.impl.utils.ForceStopRunnable$BroadcastReceiver"
147-->[androidx.work:work-runtime:2.8.1] AndroidManifest.xml:62:13-88
148            android:directBootAware="false"
148-->[androidx.work:work-runtime:2.8.1] AndroidManifest.xml:63:13-44
149            android:enabled="true"
149-->[androidx.work:work-runtime:2.8.1] AndroidManifest.xml:64:13-35
150            android:exported="false" />
150-->[androidx.work:work-runtime:2.8.1] AndroidManifest.xml:65:13-37
151        <receiver
151-->[androidx.work:work-runtime:2.8.1] AndroidManifest.xml:67:9-77:20
152            android:name="androidx.work.impl.background.systemalarm.ConstraintProxy$BatteryChargingProxy"
152-->[androidx.work:work-runtime:2.8.1] AndroidManifest.xml:68:13-106
153            android:directBootAware="false"
153-->[androidx.work:work-runtime:2.8.1] AndroidManifest.xml:69:13-44
154            android:enabled="false"
154-->[androidx.work:work-runtime:2.8.1] AndroidManifest.xml:70:13-36
155            android:exported="false" >
155-->[androidx.work:work-runtime:2.8.1] AndroidManifest.xml:71:13-37
156            <intent-filter>
156-->[androidx.work:work-runtime:2.8.1] AndroidManifest.xml:73:13-76:29
157                <action android:name="android.intent.action.ACTION_POWER_CONNECTED" />
157-->[androidx.work:work-runtime:2.8.1] AndroidManifest.xml:74:17-87
157-->[androidx.work:work-runtime:2.8.1] AndroidManifest.xml:74:25-84
158                <action android:name="android.intent.action.ACTION_POWER_DISCONNECTED" />
158-->[androidx.work:work-runtime:2.8.1] AndroidManifest.xml:75:17-90
158-->[androidx.work:work-runtime:2.8.1] AndroidManifest.xml:75:25-87
159            </intent-filter>
160        </receiver>
161        <receiver
161-->[androidx.work:work-runtime:2.8.1] AndroidManifest.xml:78:9-88:20
162            android:name="androidx.work.impl.background.systemalarm.ConstraintProxy$BatteryNotLowProxy"
162-->[androidx.work:work-runtime:2.8.1] AndroidManifest.xml:79:13-104
163            android:directBootAware="false"
163-->[androidx.work:work-runtime:2.8.1] AndroidManifest.xml:80:13-44
164            android:enabled="false"
164-->[androidx.work:work-runtime:2.8.1] AndroidManifest.xml:81:13-36
165            android:exported="false" >
165-->[androidx.work:work-runtime:2.8.1] AndroidManifest.xml:82:13-37
166            <intent-filter>
166-->[androidx.work:work-runtime:2.8.1] AndroidManifest.xml:84:13-87:29
167                <action android:name="android.intent.action.BATTERY_OKAY" />
167-->[androidx.work:work-runtime:2.8.1] AndroidManifest.xml:85:17-77
167-->[androidx.work:work-runtime:2.8.1] AndroidManifest.xml:85:25-74
168                <action android:name="android.intent.action.BATTERY_LOW" />
168-->[androidx.work:work-runtime:2.8.1] AndroidManifest.xml:86:17-76
168-->[androidx.work:work-runtime:2.8.1] AndroidManifest.xml:86:25-73
169            </intent-filter>
170        </receiver>
171        <receiver
171-->[androidx.work:work-runtime:2.8.1] AndroidManifest.xml:89:9-99:20
172            android:name="androidx.work.impl.background.systemalarm.ConstraintProxy$StorageNotLowProxy"
172-->[androidx.work:work-runtime:2.8.1] AndroidManifest.xml:90:13-104
173            android:directBootAware="false"
173-->[androidx.work:work-runtime:2.8.1] AndroidManifest.xml:91:13-44
174            android:enabled="false"
174-->[androidx.work:work-runtime:2.8.1] AndroidManifest.xml:92:13-36
175            android:exported="false" >
175-->[androidx.work:work-runtime:2.8.1] AndroidManifest.xml:93:13-37
176            <intent-filter>
176-->[androidx.work:work-runtime:2.8.1] AndroidManifest.xml:95:13-98:29
177                <action android:name="android.intent.action.DEVICE_STORAGE_LOW" />
177-->[androidx.work:work-runtime:2.8.1] AndroidManifest.xml:96:17-83
177-->[androidx.work:work-runtime:2.8.1] AndroidManifest.xml:96:25-80
178                <action android:name="android.intent.action.DEVICE_STORAGE_OK" />
178-->[androidx.work:work-runtime:2.8.1] AndroidManifest.xml:97:17-82
178-->[androidx.work:work-runtime:2.8.1] AndroidManifest.xml:97:25-79
179            </intent-filter>
180        </receiver>
181        <receiver
181-->[androidx.work:work-runtime:2.8.1] AndroidManifest.xml:100:9-109:20
182            android:name="androidx.work.impl.background.systemalarm.ConstraintProxy$NetworkStateProxy"
182-->[androidx.work:work-runtime:2.8.1] AndroidManifest.xml:101:13-103
183            android:directBootAware="false"
183-->[androidx.work:work-runtime:2.8.1] AndroidManifest.xml:102:13-44
184            android:enabled="false"
184-->[androidx.work:work-runtime:2.8.1] AndroidManifest.xml:103:13-36
185            android:exported="false" >
185-->[androidx.work:work-runtime:2.8.1] AndroidManifest.xml:104:13-37
186            <intent-filter>
186-->[androidx.work:work-runtime:2.8.1] AndroidManifest.xml:106:13-108:29
187                <action android:name="android.net.conn.CONNECTIVITY_CHANGE" />
187-->[androidx.work:work-runtime:2.8.1] AndroidManifest.xml:107:17-79
187-->[androidx.work:work-runtime:2.8.1] AndroidManifest.xml:107:25-76
188            </intent-filter>
189        </receiver>
190        <receiver
190-->[androidx.work:work-runtime:2.8.1] AndroidManifest.xml:110:9-121:20
191            android:name="androidx.work.impl.background.systemalarm.RescheduleReceiver"
191-->[androidx.work:work-runtime:2.8.1] AndroidManifest.xml:111:13-88
192            android:directBootAware="false"
192-->[androidx.work:work-runtime:2.8.1] AndroidManifest.xml:112:13-44
193            android:enabled="false"
193-->[androidx.work:work-runtime:2.8.1] AndroidManifest.xml:113:13-36
194            android:exported="false" >
194-->[androidx.work:work-runtime:2.8.1] AndroidManifest.xml:114:13-37
195            <intent-filter>
195-->[androidx.work:work-runtime:2.8.1] AndroidManifest.xml:116:13-120:29
196                <action android:name="android.intent.action.BOOT_COMPLETED" />
196-->[androidx.work:work-runtime:2.8.1] AndroidManifest.xml:117:17-79
196-->[androidx.work:work-runtime:2.8.1] AndroidManifest.xml:117:25-76
197                <action android:name="android.intent.action.TIME_SET" />
197-->[androidx.work:work-runtime:2.8.1] AndroidManifest.xml:118:17-73
197-->[androidx.work:work-runtime:2.8.1] AndroidManifest.xml:118:25-70
198                <action android:name="android.intent.action.TIMEZONE_CHANGED" />
198-->[androidx.work:work-runtime:2.8.1] AndroidManifest.xml:119:17-81
198-->[androidx.work:work-runtime:2.8.1] AndroidManifest.xml:119:25-78
199            </intent-filter>
200        </receiver>
201        <receiver
201-->[androidx.work:work-runtime:2.8.1] AndroidManifest.xml:122:9-131:20
202            android:name="androidx.work.impl.background.systemalarm.ConstraintProxyUpdateReceiver"
202-->[androidx.work:work-runtime:2.8.1] AndroidManifest.xml:123:13-99
203            android:directBootAware="false"
203-->[androidx.work:work-runtime:2.8.1] AndroidManifest.xml:124:13-44
204            android:enabled="@bool/enable_system_alarm_service_default"
204-->[androidx.work:work-runtime:2.8.1] AndroidManifest.xml:125:13-72
205            android:exported="false" >
205-->[androidx.work:work-runtime:2.8.1] AndroidManifest.xml:126:13-37
206            <intent-filter>
206-->[androidx.work:work-runtime:2.8.1] AndroidManifest.xml:128:13-130:29
207                <action android:name="androidx.work.impl.background.systemalarm.UpdateProxies" />
207-->[androidx.work:work-runtime:2.8.1] AndroidManifest.xml:129:17-98
207-->[androidx.work:work-runtime:2.8.1] AndroidManifest.xml:129:25-95
208            </intent-filter>
209        </receiver>
210        <receiver
210-->[androidx.work:work-runtime:2.8.1] AndroidManifest.xml:132:9-142:20
211            android:name="androidx.work.impl.diagnostics.DiagnosticsReceiver"
211-->[androidx.work:work-runtime:2.8.1] AndroidManifest.xml:133:13-78
212            android:directBootAware="false"
212-->[androidx.work:work-runtime:2.8.1] AndroidManifest.xml:134:13-44
213            android:enabled="true"
213-->[androidx.work:work-runtime:2.8.1] AndroidManifest.xml:135:13-35
214            android:exported="true"
214-->[androidx.work:work-runtime:2.8.1] AndroidManifest.xml:136:13-36
215            android:permission="android.permission.DUMP" >
215-->[androidx.work:work-runtime:2.8.1] AndroidManifest.xml:137:13-57
216            <intent-filter>
216-->[androidx.work:work-runtime:2.8.1] AndroidManifest.xml:139:13-141:29
217                <action android:name="androidx.work.diagnostics.REQUEST_DIAGNOSTICS" />
217-->[androidx.work:work-runtime:2.8.1] AndroidManifest.xml:140:17-88
217-->[androidx.work:work-runtime:2.8.1] AndroidManifest.xml:140:25-85
218            </intent-filter>
219        </receiver>
220
221        <uses-library
221-->[androidx.window:window:1.0.0] AndroidManifest.xml:25:9-27:40
222            android:name="androidx.window.extensions"
222-->[androidx.window:window:1.0.0] AndroidManifest.xml:26:13-54
223            android:required="false" />
223-->[androidx.window:window:1.0.0] AndroidManifest.xml:27:13-37
224        <uses-library
224-->[androidx.window:window:1.0.0] AndroidManifest.xml:28:9-30:40
225            android:name="androidx.window.sidecar"
225-->[androidx.window:window:1.0.0] AndroidManifest.xml:29:13-51
226            android:required="false" />
226-->[androidx.window:window:1.0.0] AndroidManifest.xml:30:13-37
227
228        <service
228-->[androidx.room:room-runtime:2.5.0] AndroidManifest.xml:24:9-28:63
229            android:name="androidx.room.MultiInstanceInvalidationService"
229-->[androidx.room:room-runtime:2.5.0] AndroidManifest.xml:25:13-74
230            android:directBootAware="true"
230-->[androidx.room:room-runtime:2.5.0] AndroidManifest.xml:26:13-43
231            android:exported="false" />
231-->[androidx.room:room-runtime:2.5.0] AndroidManifest.xml:27:13-37
232
233        <receiver
233-->[androidx.profileinstaller:profileinstaller:1.3.1] AndroidManifest.xml:34:9-52:20
234            android:name="androidx.profileinstaller.ProfileInstallReceiver"
234-->[androidx.profileinstaller:profileinstaller:1.3.1] AndroidManifest.xml:35:13-76
235            android:directBootAware="false"
235-->[androidx.profileinstaller:profileinstaller:1.3.1] AndroidManifest.xml:36:13-44
236            android:enabled="true"
236-->[androidx.profileinstaller:profileinstaller:1.3.1] AndroidManifest.xml:37:13-35
237            android:exported="true"
237-->[androidx.profileinstaller:profileinstaller:1.3.1] AndroidManifest.xml:38:13-36
238            android:permission="android.permission.DUMP" >
238-->[androidx.profileinstaller:profileinstaller:1.3.1] AndroidManifest.xml:39:13-57
239            <intent-filter>
239-->[androidx.profileinstaller:profileinstaller:1.3.1] AndroidManifest.xml:40:13-42:29
240                <action android:name="androidx.profileinstaller.action.INSTALL_PROFILE" />
240-->[androidx.profileinstaller:profileinstaller:1.3.1] AndroidManifest.xml:41:17-91
240-->[androidx.profileinstaller:profileinstaller:1.3.1] AndroidManifest.xml:41:25-88
241            </intent-filter>
242            <intent-filter>
242-->[androidx.profileinstaller:profileinstaller:1.3.1] AndroidManifest.xml:43:13-45:29
243                <action android:name="androidx.profileinstaller.action.SKIP_FILE" />
243-->[androidx.profileinstaller:profileinstaller:1.3.1] AndroidManifest.xml:44:17-85
243-->[androidx.profileinstaller:profileinstaller:1.3.1] AndroidManifest.xml:44:25-82
244            </intent-filter>
245            <intent-filter>
245-->[androidx.profileinstaller:profileinstaller:1.3.1] AndroidManifest.xml:46:13-48:29
246                <action android:name="androidx.profileinstaller.action.SAVE_PROFILE" />
246-->[androidx.profileinstaller:profileinstaller:1.3.1] AndroidManifest.xml:47:17-88
246-->[androidx.profileinstaller:profileinstaller:1.3.1] AndroidManifest.xml:47:25-85
247            </intent-filter>
248            <intent-filter>
248-->[androidx.profileinstaller:profileinstaller:1.3.1] AndroidManifest.xml:49:13-51:29
249                <action android:name="androidx.profileinstaller.action.BENCHMARK_OPERATION" />
249-->[androidx.profileinstaller:profileinstaller:1.3.1] AndroidManifest.xml:50:17-95
249-->[androidx.profileinstaller:profileinstaller:1.3.1] AndroidManifest.xml:50:25-92
250            </intent-filter>
251        </receiver> <!-- The activities will be merged into the manifest of the hosting app. -->
252        <activity
252-->[com.google.android.play:core-common:2.0.2] AndroidManifest.xml:14:9-18:65
253            android:name="com.google.android.play.core.common.PlayCoreDialogWrapperActivity"
253-->[com.google.android.play:core-common:2.0.2] AndroidManifest.xml:15:13-93
254            android:exported="false"
254-->[com.google.android.play:core-common:2.0.2] AndroidManifest.xml:16:13-37
255            android:stateNotNeeded="true"
255-->[com.google.android.play:core-common:2.0.2] AndroidManifest.xml:17:13-42
256            android:theme="@style/Theme.PlayCore.Transparent" />
256-->[com.google.android.play:core-common:2.0.2] AndroidManifest.xml:18:13-62
257    </application>
258
259</manifest>